0 info it worked if it ends with ok
1 verbose cli [ '/usr/local/Cellar/node/5.1.0/bin/node',
1 verbose cli   '/usr/local/bin/npm',
1 verbose cli   'run',
1 verbose cli   'tsc:w' ]
2 info using npm@3.3.12
3 info using node@v5.1.0
4 verbose run-script [ 'pretsc:w', 'tsc:w', 'posttsc:w' ]
5 info lifecycle stoq-client@0.0.1~pretsc:w: stoq-client@0.0.1
6 silly lifecycle stoq-client@0.0.1~pretsc:w: no script for pretsc:w, continuing
7 info lifecycle stoq-client@0.0.1~tsc:w: stoq-client@0.0.1
8 verbose lifecycle stoq-client@0.0.1~tsc:w: unsafe-perm in lifecycle true
9 verbose lifecycle stoq-client@0.0.1~tsc:w: PATH: /usr/local/lib/node_modules/npm/bin/node-gyp-bin:/Users/gamerinshaft/Walker/stoq-client/node_modules/.bin:/usr/local/lib/node_modules/npm/bin/node-gyp-bin:/Users/gamerinshaft/Walker/stoq-client/node_modules/.bin:/Library/Java/JavaVirtualMachines/jdk1.7.0_80.jdk/Contents/Home/bin:/Users/gamerinshaft/.pyenv/shims:/Users/gamerinshaft/.pyenv/bin:/Users/gamerinshaft/.rbenv/shims:/Users/gamerinshaft/.rbenv/bin:/usr/local/bin:/usr/bin:/bin:/sbin
10 verbose lifecycle stoq-client@0.0.1~tsc:w: CWD: /Users/gamerinshaft/Walker/stoq-client
11 silly lifecycle stoq-client@0.0.1~tsc:w: Args: [ '-c', 'tsc -w' ]
12 silly lifecycle stoq-client@0.0.1~tsc:w: Returned: code: 1  signal: null
13 info lifecycle stoq-client@0.0.1~tsc:w: Failed to exec tsc:w script
14 verbose stack Error: stoq-client@0.0.1 tsc:w: `tsc -w`
14 verbose stack Exit status 1
14 verbose stack     at EventEmitter.<anonymous> (/usr/local/lib/node_modules/npm/lib/utils/lifecycle.js:232:16)
14 verbose stack     at emitTwo (events.js:87:13)
14 verbose stack     at EventEmitter.emit (events.js:172:7)
14 verbose stack     at ChildProcess.<anonymous> (/usr/local/lib/node_modules/npm/lib/utils/spawn.js:24:14)
14 verbose stack     at emitTwo (events.js:87:13)
14 verbose stack     at ChildProcess.emit (events.js:172:7)
14 verbose stack     at maybeClose (internal/child_process.js:818:16)
14 verbose stack     at Process.ChildProcess._handle.onexit (internal/child_process.js:211:5)
15 verbose pkgid stoq-client@0.0.1
16 verbose cwd /Users/gamerinshaft/Walker/stoq-client
17 error Darwin 14.5.0
18 error argv "/usr/local/Cellar/node/5.1.0/bin/node" "/usr/local/bin/npm" "run" "tsc:w"
19 error node v5.1.0
20 error npm  v3.3.12
21 error code ELIFECYCLE
22 error stoq-client@0.0.1 tsc:w: `tsc -w`
22 error Exit status 1
23 error Failed at the stoq-client@0.0.1 tsc:w script 'tsc -w'.
23 error Make sure you have the latest version of node.js and npm installed.
23 error If you do, this is most likely a problem with the stoq-client package,
23 error not with npm itself.
23 error Tell the author that this fails on your system:
23 error     tsc -w
23 error You can get their info via:
23 error     npm owner ls stoq-client
23 error There is likely additional logging output above.
24 verbose exit [ 1, true ]
